Project_Impact2/app/build/intermediates/manifest_merge_blame_file/debug/manifest-merger-blame-debug-report.txt
1<?xml version="1.0" encoding="utf-8"?>
2<manifest xmlns:android="http://schemas.android.com/apk/res/android"
3    package="com.example.project_impact"
4    android:versionCode="1"
5    android:versionName="1.0" >
6
7    <uses-sdk
8        android:minSdkVersion="24"
8-->src/main/AndroidManifest.xml
9        android:targetSdkVersion="33" />
9-->src/main/AndroidManifest.xml
10
11    <uses-permission android:name="android.permission.INTERNET" />
11-->src/main/AndroidManifest.xml:5:5-67
11-->src/main/AndroidManifest.xml:5:22-64
12    <uses-permission android:name="android.permission.ACCESS_NETWORK_STATE" />
12-->[com.google.firebase:firebase-auth:21.3.0] AndroidManifest.xml:26:5-79
12-->[com.google.firebase:firebase-auth:21.3.0] AndroidManifest.xml:26:22-76
13
14    <queries>
14-->[com.razorpay:checkout:1.6.26] AndroidManifest.xml:11:5-37:15
15        <intent>
15-->[com.razorpay:checkout:1.6.26] AndroidManifest.xml:12:9-18:18
16            <action android:name="android.intent.action.VIEW" />
16-->[com.google.firebase:firebase-auth:21.3.0] AndroidManifest.xml:36:17-69
16-->[com.google.firebase:firebase-auth:21.3.0] AndroidManifest.xml:36:25-66
17
18            <data
18-->[com.google.firebase:firebase-auth:21.3.0] AndroidManifest.xml:41:17-44:51
19                android:mimeType="*/*"
20                android:scheme="*" />
20-->[com.google.firebase:firebase-auth:21.3.0] AndroidManifest.xml:44:21-48
21        </intent>
22        <intent>
22-->[com.razorpay:checkout:1.6.26] AndroidManifest.xml:19:9-28:18
23            <action android:name="android.intent.action.VIEW" />
23-->[com.google.firebase:firebase-auth:21.3.0] AndroidManifest.xml:36:17-69
23-->[com.google.firebase:firebase-auth:21.3.0] AndroidManifest.xml:36:25-66
24
25            <category android:name="android.intent.category.BROWSABLE" />
25-->[com.google.firebase:firebase-auth:21.3.0] AndroidManifest.xml:39:17-78
25-->[com.google.firebase:firebase-auth:21.3.0] AndroidManifest.xml:39:27-75
26
27            <data
27-->[com.google.firebase:firebase-auth:21.3.0] AndroidManifest.xml:41:17-44:51
28                android:host="pay"
28-->[com.google.firebase:firebase-auth:21.3.0] AndroidManifest.xml:42:21-49
29                android:mimeType="*/*"
30                android:scheme="upi" />
30-->[com.google.firebase:firebase-auth:21.3.0] AndroidManifest.xml:44:21-48
31        </intent>
32        <intent>
32-->[com.razorpay:checkout:1.6.26] AndroidManifest.xml:29:9-31:18
33            <action android:name="android.intent.action.MAIN" />
33-->src/main/AndroidManifest.xml:72:17-69
33-->src/main/AndroidManifest.xml:72:25-66
34        </intent>
35        <intent>
35-->[com.razorpay:checkout:1.6.26] AndroidManifest.xml:32:9-36:18
36            <action android:name="android.intent.action.SEND" />
36-->[com.razorpay:checkout:1.6.26] AndroidManifest.xml:33:13-65
36-->[com.razorpay:checkout:1.6.26] AndroidManifest.xml:33:21-62
37
38            <data android:mimeType="*/*" />
38-->[com.google.firebase:firebase-auth:21.3.0] AndroidManifest.xml:41:17-44:51
39        </intent>
40    </queries>
41
42    <uses-feature
42-->[com.google.android.gms:play-services-maps:17.0.0] AndroidManifest.xml:26:5-28:35
43        android:glEsVersion="0x00020000"
43-->[com.google.android.gms:play-services-maps:17.0.0] AndroidManifest.xml:27:9-41
44        android:required="true" />
44-->[com.google.android.gms:play-services-maps:17.0.0] AndroidManifest.xml:28:9-32
45
46    <uses-permission android:name="android.permission.WAKE_LOCK" />
46-->[com.google.android.gms:play-services-measurement-api:21.2.2] AndroidManifest.xml:24:5-68
46-->[com.google.android.gms:play-services-measurement-api:21.2.2] AndroidManifest.xml:24:22-65
47    <uses-permission android:name="com.google.android.gms.permission.AD_ID" />
47-->[com.google.android.gms:play-services-measurement-api:21.2.2] AndroidManifest.xml:25:5-79
47-->[com.google.android.gms:play-services-measurement-api:21.2.2] AndroidManifest.xml:25:22-76
48    <uses-permission android:name="com.google.android.finsky.permission.BIND_GET_INSTALL_REFERRER_SERVICE" />
48-->[com.google.android.gms:play-services-measurement:21.2.2] AndroidManifest.xml:26:5-110
48-->[com.google.android.gms:play-services-measurement:21.2.2] AndroidManifest.xml:26:22-107
49
50    <permission
50-->[androidx.core:core:1.9.0] AndroidManifest.xml:22:5-24:47
51        android:name="com.example.project_impact.DYNAMIC_RECEIVER_NOT_EXPORTED_PERMISSION"
51-->[androidx.core:core:1.9.0] AndroidManifest.xml:23:9-81
52        android:protectionLevel="signature" />
52-->[androidx.core:core:1.9.0] AndroidManifest.xml:24:9-44
53
54    <uses-permission android:name="com.example.project_impact.DYNAMIC_RECEIVER_NOT_EXPORTED_PERMISSION" />
54-->[androidx.core:core:1.9.0] AndroidManifest.xml:26:5-97
54-->[androidx.core:core:1.9.0] AndroidManifest.xml:26:22-94
55
56    <application
56-->src/main/AndroidManifest.xml:7:5-79:19
57        android:allowBackup="true"
57-->src/main/AndroidManifest.xml:8:9-35
58        android:appComponentFactory="androidx.core.app.CoreComponentFactory"
58-->[androidx.core:core:1.9.0] AndroidManifest.xml:28:18-86
59        android:dataExtractionRules="@xml/data_extraction_rules"
59-->src/main/AndroidManifest.xml:9:9-65
60        android:debuggable="true"
61        android:extractNativeLibs="false"
62        android:fullBackupContent="@xml/backup_rules"
62-->src/main/AndroidManifest.xml:10:9-54
63        android:icon="@mipmap/ic_launcher"
63-->src/main/AndroidManifest.xml:11:9-43
64        android:label="@string/app_name"
64-->src/main/AndroidManifest.xml:12:9-41
65        android:supportsRtl="true"
65-->src/main/AndroidManifest.xml:13:9-35
66        android:theme="@style/Theme.Project_Impact" >
66-->src/main/AndroidManifest.xml:14:9-52
67        <activity
67-->src/main/AndroidManifest.xml:16:9-18:40
68            android:name="com.example.project_impact.BankDetails_NGO"
68-->src/main/AndroidManifest.xml:17:13-44
69            android:exported="false" />
69-->src/main/AndroidManifest.xml:18:13-37
70        <activity
70-->src/main/AndroidManifest.xml:19:9-21:40
71            android:name="com.example.project_impact.Volunteer_Campaigns_User_View"
71-->src/main/AndroidManifest.xml:20:13-58
72            android:exported="false" />
72-->src/main/AndroidManifest.xml:21:13-37
73        <activity
73-->src/main/AndroidManifest.xml:22:9-24:40
74            android:name="com.example.project_impact.Testing"
74-->src/main/AndroidManifest.xml:23:13-36
75            android:exported="false" />
75-->src/main/AndroidManifest.xml:24:13-37
76        <activity
76-->src/main/AndroidManifest.xml:25:9-27:40
77            android:name="com.example.project_impact.Navigation_Fragments.user_settings"
77-->src/main/AndroidManifest.xml:26:13-63
78            android:exported="false" />
78-->src/main/AndroidManifest.xml:27:13-37
79        <activity
79-->src/main/AndroidManifest.xml:28:9-31:49
80            android:name="com.example.project_impact.Navigation_Fragments.edit_popup"
80-->src/main/AndroidManifest.xml:29:13-60
81            android:exported="false"
81-->src/main/AndroidManifest.xml:30:13-37
82            android:theme="@style/edit_popup" />
82-->src/main/AndroidManifest.xml:31:13-46
83        <activity
83-->src/main/AndroidManifest.xml:32:9-34:40
84            android:name="com.example.project_impact.ngo_volunteer_campaign_creation"
84-->src/main/AndroidManifest.xml:33:13-60
85            android:exported="false" />
85-->src/main/AndroidManifest.xml:34:13-37
86        <activity
86-->src/main/AndroidManifest.xml:35:9-37:40
87            android:name="com.example.project_impact.NGO_Landing_Page"
87-->src/main/AndroidManifest.xml:36:13-45
88            android:exported="false" />
88-->src/main/AndroidManifest.xml:37:13-37
89        <activity
89-->src/main/AndroidManifest.xml:38:9-40:40
90            android:name="com.example.project_impact.volunteerPassword"
90-->src/main/AndroidManifest.xml:39:13-46
91            android:exported="false" />
91-->src/main/AndroidManifest.xml:40:13-37
92        <activity
92-->src/main/AndroidManifest.xml:41:9-43:40
93            android:name="com.example.project_impact.volunteerLogInPage"
93-->src/main/AndroidManifest.xml:42:13-47
94            android:exported="false" />
94-->src/main/AndroidManifest.xml:43:13-37
95        <activity
95-->src/main/AndroidManifest.xml:44:9-46:40
96            android:name="com.example.project_impact.volunteerDetails"
96-->src/main/AndroidManifest.xml:45:13-45
97            android:exported="false" />
97-->src/main/AndroidManifest.xml:46:13-37
98        <activity
98-->src/main/AndroidManifest.xml:47:9-49:40
99            android:name="com.example.project_impact.organizationPassword"
99-->src/main/AndroidManifest.xml:48:13-49
100            android:exported="false" />
100-->src/main/AndroidManifest.xml:49:13-37
101        <activity
101-->src/main/AndroidManifest.xml:50:9-52:40
102            android:name="com.example.project_impact.organizationDetails"
102-->src/main/AndroidManifest.xml:51:13-48
103            android:exported="false" />
103-->src/main/AndroidManifest.xml:52:13-37
104        <activity
104-->src/main/AndroidManifest.xml:53:9-55:40
105            android:name="com.example.project_impact.OrganisationLogin"
105-->src/main/AndroidManifest.xml:54:13-46
106            android:exported="false" />
106-->src/main/AndroidManifest.xml:55:13-37
107        <activity
107-->src/main/AndroidManifest.xml:56:9-58:40
108            android:name="com.example.project_impact.logInSignInOrganization"
108-->src/main/AndroidManifest.xml:57:13-52
109            android:exported="false" />
109-->src/main/AndroidManifest.xml:58:13-37
110        <activity
110-->src/main/AndroidManifest.xml:59:9-61:40
111            android:name="com.example.project_impact.log_sign_in"
111-->src/main/AndroidManifest.xml:60:13-40
112            android:exported="false" />
112-->src/main/AndroidManifest.xml:61:13-37
113        <activity
113-->src/main/AndroidManifest.xml:62:9-64:40
114            android:name="com.example.project_impact.logInAs"
114-->src/main/AndroidManifest.xml:63:13-36
115            android:exported="false" />
115-->src/main/AndroidManifest.xml:64:13-37
116        <activity
116-->src/main/AndroidManifest.xml:65:9-67:40
117            android:name="com.example.project_impact.User_Landing_Page"
117-->src/main/AndroidManifest.xml:66:13-46
118            android:exported="false" />
118-->src/main/AndroidManifest.xml:67:13-37
119        <activity
119-->src/main/AndroidManifest.xml:68:9-76:20
120            android:name="com.example.project_impact.MainActivity"
120-->src/main/AndroidManifest.xml:69:13-41
121            android:exported="true" >
121-->src/main/AndroidManifest.xml:70:13-36
122            <intent-filter>
122-->src/main/AndroidManifest.xml:71:13-75:29
123                <action android:name="android.intent.action.MAIN" />
123-->src/main/AndroidManifest.xml:72:17-69
123-->src/main/AndroidManifest.xml:72:25-66
124
125                <category android:name="android.intent.category.LAUNCHER" />
125-->src/main/AndroidManifest.xml:74:17-77
125-->src/main/AndroidManifest.xml:74:27-74
126            </intent-filter>
127        </activity>
128        <activity android:name="com.example.project_impact.Navigation_Fragments.activity_campinfo" />
128-->src/main/AndroidManifest.xml:77:9-76
128-->src/main/AndroidManifest.xml:77:19-73
129        <activity android:name="com.example.project_impact.Navigation_Fragments.activity_campinfo_ngo" />
129-->src/main/AndroidManifest.xml:78:9-80
129-->src/main/AndroidManifest.xml:78:19-77
130        <activity
130-->[com.google.firebase:firebase-auth:21.3.0] AndroidManifest.xml:29:9-46:20
131            android:name="com.google.firebase.auth.internal.GenericIdpActivity"
131-->[com.google.firebase:firebase-auth:21.3.0] AndroidManifest.xml:30:13-80
132            android:excludeFromRecents="true"
132-->[com.google.firebase:firebase-auth:21.3.0] AndroidManifest.xml:31:13-46
133            android:exported="true"
133-->[com.google.firebase:firebase-auth:21.3.0] AndroidManifest.xml:32:13-36
134            android:launchMode="singleTask"
134-->[com.google.firebase:firebase-auth:21.3.0] AndroidManifest.xml:33:13-44
135            android:theme="@android:style/Theme.Translucent.NoTitleBar" >
135-->[com.google.firebase:firebase-auth:21.3.0] AndroidManifest.xml:34:13-72
136            <intent-filter>
136-->[com.google.firebase:firebase-auth:21.3.0] AndroidManifest.xml:35:13-45:29
137                <action android:name="android.intent.action.VIEW" />
137-->[com.google.firebase:firebase-auth:21.3.0] AndroidManifest.xml:36:17-69
137-->[com.google.firebase:firebase-auth:21.3.0] AndroidManifest.xml:36:25-66
138
139                <category android:name="android.intent.category.DEFAULT" />
139-->[com.google.firebase:firebase-auth:21.3.0] AndroidManifest.xml:38:17-76
139-->[com.google.firebase:firebase-auth:21.3.0] AndroidManifest.xml:38:27-73
140                <category android:name="android.intent.category.BROWSABLE" />
140-->[com.google.firebase:firebase-auth:21.3.0] AndroidManifest.xml:39:17-78
140-->[com.google.firebase:firebase-auth:21.3.0] AndroidManifest.xml:39:27-75
141
142                <data
142-->[com.google.firebase:firebase-auth:21.3.0] AndroidManifest.xml:41:17-44:51
143                    android:host="firebase.auth"
143-->[com.google.firebase:firebase-auth:21.3.0] AndroidManifest.xml:42:21-49
144                    android:path="/"
144-->[com.google.firebase:firebase-auth:21.3.0] AndroidManifest.xml:43:21-37
145                    android:scheme="genericidp" />
145-->[com.google.firebase:firebase-auth:21.3.0] AndroidManifest.xml:44:21-48
146            </intent-filter>
147        </activity>
148        <activity
148-->[com.google.firebase:firebase-auth:21.3.0] AndroidManifest.xml:47:9-64:20
149            android:name="com.google.firebase.auth.internal.RecaptchaActivity"
149-->[com.google.firebase:firebase-auth:21.3.0] AndroidManifest.xml:48:13-79
150            android:excludeFromRecents="true"
150-->[com.google.firebase:firebase-auth:21.3.0] AndroidManifest.xml:49:13-46
151            android:exported="true"
151-->[com.google.firebase:firebase-auth:21.3.0] AndroidManifest.xml:50:13-36
152            android:launchMode="singleTask"
152-->[com.google.firebase:firebase-auth:21.3.0] AndroidManifest.xml:51:13-44
153            android:theme="@android:style/Theme.Translucent.NoTitleBar" >
153-->[com.google.firebase:firebase-auth:21.3.0] AndroidManifest.xml:52:13-72
154            <intent-filter>
154-->[com.google.firebase:firebase-auth:21.3.0] AndroidManifest.xml:53:13-63:29
155                <action android:name="android.intent.action.VIEW" />
155-->[com.google.firebase:firebase-auth:21.3.0] AndroidManifest.xml:36:17-69
155-->[com.google.firebase:firebase-auth:21.3.0] AndroidManifest.xml:36:25-66
156
157                <category android:name="android.intent.category.DEFAULT" />
157-->[com.google.firebase:firebase-auth:21.3.0] AndroidManifest.xml:38:17-76
157-->[com.google.firebase:firebase-auth:21.3.0] AndroidManifest.xml:38:27-73
158                <category android:name="android.intent.category.BROWSABLE" />
158-->[com.google.firebase:firebase-auth:21.3.0] AndroidManifest.xml:39:17-78
158-->[com.google.firebase:firebase-auth:21.3.0] AndroidManifest.xml:39:27-75
159
160                <data
160-->[com.google.firebase:firebase-auth:21.3.0] AndroidManifest.xml:41:17-44:51
161                    android:host="firebase.auth"
161-->[com.google.firebase:firebase-auth:21.3.0] AndroidManifest.xml:42:21-49
162                    android:path="/"
162-->[com.google.firebase:firebase-auth:21.3.0] AndroidManifest.xml:43:21-37
163                    android:scheme="recaptcha" />
163-->[com.google.firebase:firebase-auth:21.3.0] AndroidManifest.xml:44:21-48
164            </intent-filter>
165        </activity>
166
167        <service
167-->[com.google.firebase:firebase-auth:21.3.0] AndroidManifest.xml:66:9-72:19
168            android:name="com.google.firebase.components.ComponentDiscoveryService"
168-->[com.google.firebase:firebase-auth:21.3.0] AndroidManifest.xml:67:13-84
169            android:directBootAware="true"
169-->[com.google.firebase:firebase-common:20.3.2] AndroidManifest.xml:34:13-43
170            android:exported="false" >
170-->[com.google.firebase:firebase-auth:21.3.0] AndroidManifest.xml:68:13-37
171            <meta-data
171-->[com.google.firebase:firebase-auth:21.3.0] AndroidManifest.xml:69:13-71:85
172                android:name="com.google.firebase.components:com.google.firebase.auth.FirebaseAuthRegistrar"
172-->[com.google.firebase:firebase-auth:21.3.0] AndroidManifest.xml:70:17-109
173                android:value="com.google.firebase.components.ComponentRegistrar" />
173-->[com.google.firebase:firebase-auth:21.3.0] AndroidManifest.xml:71:17-82
174            <meta-data
174-->[com.google.firebase:firebase-database:20.2.0] AndroidManifest.xml:31:13-33:85
175                android:name="com.google.firebase.components:com.google.firebase.database.DatabaseRegistrar"
175-->[com.google.firebase:firebase-database:20.2.0] AndroidManifest.xml:32:17-109
176                android:value="com.google.firebase.components.ComponentRegistrar" />
176-->[com.google.firebase:firebase-database:20.2.0] AndroidManifest.xml:33:17-82
177            <meta-data
177-->[com.google.firebase:firebase-firestore:24.5.0] AndroidManifest.xml:19:13-21:85
178                android:name="com.google.firebase.components:com.google.firebase.firestore.FirestoreRegistrar"
178-->[com.google.firebase:firebase-firestore:24.5.0] AndroidManifest.xml:20:17-111
179                android:value="com.google.firebase.components.ComponentRegistrar" />
179-->[com.google.firebase:firebase-firestore:24.5.0] AndroidManifest.xml:21:17-82
180            <meta-data
180-->[com.google.android.gms:play-services-measurement-api:21.2.2] AndroidManifest.xml:31:13-33:85
181                android:name="com.google.firebase.components:com.google.firebase.analytics.connector.internal.AnalyticsConnectorRegistrar"
181-->[com.google.android.gms:play-services-measurement-api:21.2.2] AndroidManifest.xml:32:17-139
182                android:value="com.google.firebase.components.ComponentRegistrar" />
182-->[com.google.android.gms:play-services-measurement-api:21.2.2] AndroidManifest.xml:33:17-82
183            <meta-data
183-->[com.google.firebase:firebase-installations:17.1.3] AndroidManifest.xml:17:13-19:85
184                android:name="com.google.firebase.components:com.google.firebase.installations.FirebaseInstallationsRegistrar"
184-->[com.google.firebase:firebase-installations:17.1.3] AndroidManifest.xml:18:17-127
185                android:value="com.google.firebase.components.ComponentRegistrar" />
185-->[com.google.firebase:firebase-installations:17.1.3] AndroidManifest.xml:19:17-82
186        </service>
187
188        <activity android:name="xute.storyview.StoryPlayer" />
188-->[com.github.bxute:StoryView:v1.0] AndroidManifest.xml:12:9-63
188-->[com.github.bxute:StoryView:v1.0] AndroidManifest.xml:12:19-60
189
190        <receiver
190-->[com.razorpay:checkout:1.6.26] AndroidManifest.xml:40:9-46:20
191            android:name="com.razorpay.RzpTokenReceiver"
191-->[com.razorpay:checkout:1.6.26] AndroidManifest.xml:41:13-57
192            android:exported="false" >
192-->[com.razorpay:checkout:1.6.26] AndroidManifest.xml:42:13-37
193            <intent-filter>
193-->[com.razorpay:checkout:1.6.26] AndroidManifest.xml:43:13-45:29
194                <action android:name="rzp.device_token.share" />
194-->[com.razorpay:checkout:1.6.26] AndroidManifest.xml:44:17-65
194-->[com.razorpay:checkout:1.6.26] AndroidManifest.xml:44:25-62
195            </intent-filter>
196        </receiver>
197
198        <activity
198-->[com.razorpay:checkout:1.6.26] AndroidManifest.xml:48:9-60:20
199            android:name="com.razorpay.CheckoutActivity"
199-->[com.razorpay:checkout:1.6.26] AndroidManifest.xml:49:13-57
200            android:configChanges="keyboard|keyboardHidden|orientation|screenSize"
200-->[com.razorpay:checkout:1.6.26] AndroidManifest.xml:50:13-83
201            android:exported="true"
201-->[com.razorpay:checkout:1.6.26] AndroidManifest.xml:51:13-36
202            android:theme="@style/CheckoutTheme" >
202-->[com.razorpay:checkout:1.6.26] AndroidManifest.xml:52:13-49
203            <intent-filter>
203-->[com.razorpay:checkout:1.6.26] AndroidManifest.xml:53:13-59:29
204                <action android:name="android.intent.action.MAIN" />
204-->src/main/AndroidManifest.xml:72:17-69
204-->src/main/AndroidManifest.xml:72:25-66
205
206                <data
206-->[com.google.firebase:firebase-auth:21.3.0] AndroidManifest.xml:41:17-44:51
207                    android:host="rzp.io"
207-->[com.google.firebase:firebase-auth:21.3.0] AndroidManifest.xml:42:21-49
208                    android:scheme="io.rzp" />
208-->[com.google.firebase:firebase-auth:21.3.0] AndroidManifest.xml:44:21-48
209            </intent-filter>
210        </activity>
211
212        <meta-data
212-->[com.razorpay:checkout:1.6.26] AndroidManifest.xml:62:9-64:58
213            android:name="com.razorpay.plugin.googlepay_all"
213-->[com.razorpay:checkout:1.6.26] AndroidManifest.xml:63:13-61
214            android:value="com.razorpay.RzpGpayMerged" />
214-->[com.razorpay:checkout:1.6.26] AndroidManifest.xml:64:13-55
215
216        <activity
216-->[com.google.android.gms:play-services-auth:17.0.0] AndroidManifest.xml:23:9-27:75
217            android:name="com.google.android.gms.auth.api.signin.internal.SignInHubActivity"
217-->[com.google.android.gms:play-services-auth:17.0.0] AndroidManifest.xml:24:13-93
218            android:excludeFromRecents="true"
218-->[com.google.android.gms:play-services-auth:17.0.0] AndroidManifest.xml:25:13-46
219            android:exported="false"
219-->[com.google.android.gms:play-services-auth:17.0.0] AndroidManifest.xml:26:13-37
220            android:theme="@android:style/Theme.Translucent.NoTitleBar" />
220-->[com.google.android.gms:play-services-auth:17.0.0] AndroidManifest.xml:27:13-72
221        <!--
222            Service handling Google Sign-In user revocation. For apps that do not integrate with
223            Google Sign-In, this service will never be started.
224        -->
225        <service
225-->[com.google.android.gms:play-services-auth:17.0.0] AndroidManifest.xml:33:9-36:110
226            android:name="com.google.android.gms.auth.api.signin.RevocationBoundService"
226-->[com.google.android.gms:play-services-auth:17.0.0] AndroidManifest.xml:34:13-89
227            android:exported="true"
227-->[com.google.android.gms:play-services-auth:17.0.0] AndroidManifest.xml:35:13-36
228            android:permission="com.google.android.gms.auth.api.signin.permission.REVOCATION_NOTIFICATION" /> <!-- Needs to be explicitly declared on P+ -->
228-->[com.google.android.gms:play-services-auth:17.0.0] AndroidManifest.xml:36:13-107
229        <uses-library
229-->[com.google.android.gms:play-services-maps:17.0.0] AndroidManifest.xml:33:9-35:40
230            android:name="org.apache.http.legacy"
230-->[com.google.android.gms:play-services-maps:17.0.0] AndroidManifest.xml:34:13-50
231            android:required="false" />
231-->[com.google.android.gms:play-services-maps:17.0.0] AndroidManifest.xml:35:13-37
232
233        <activity
233-->[com.google.android.gms:play-services-base:18.1.0] AndroidManifest.xml:20:9-22:45
234            android:name="com.google.android.gms.common.api.GoogleApiActivity"
234-->[com.google.android.gms:play-services-base:18.1.0] AndroidManifest.xml:20:19-85
235            android:exported="false"
235-->[com.google.android.gms:play-services-base:18.1.0] AndroidManifest.xml:22:19-43
236            android:theme="@android:style/Theme.Translucent.NoTitleBar" />
236-->[com.google.android.gms:play-services-base:18.1.0] AndroidManifest.xml:21:19-78
237
238        <provider
238-->[com.google.firebase:firebase-common:20.3.2] AndroidManifest.xml:25:9-30:39
239            android:name="com.google.firebase.provider.FirebaseInitProvider"
239-->[com.google.firebase:firebase-common:20.3.2] AndroidManifest.xml:26:13-77
240            android:authorities="com.example.project_impact.firebaseinitprovider"
240-->[com.google.firebase:firebase-common:20.3.2] AndroidManifest.xml:27:13-72
241            android:directBootAware="true"
241-->[com.google.firebase:firebase-common:20.3.2] AndroidManifest.xml:28:13-43
242            android:exported="false"
242-->[com.google.firebase:firebase-common:20.3.2] AndroidManifest.xml:29:13-37
243            android:initOrder="100" />
243-->[com.google.firebase:firebase-common:20.3.2] AndroidManifest.xml:30:13-36
244
245        <receiver
245-->[com.google.android.gms:play-services-measurement:21.2.2] AndroidManifest.xml:29:9-33:20
246            android:name="com.google.android.gms.measurement.AppMeasurementReceiver"
246-->[com.google.android.gms:play-services-measurement:21.2.2] AndroidManifest.xml:30:13-85
247            android:enabled="true"
247-->[com.google.android.gms:play-services-measurement:21.2.2] AndroidManifest.xml:31:13-35
248            android:exported="false" >
248-->[com.google.android.gms:play-services-measurement:21.2.2] AndroidManifest.xml:32:13-37
249        </receiver>
250
251        <service
251-->[com.google.android.gms:play-services-measurement:21.2.2] AndroidManifest.xml:35:9-38:40
252            android:name="com.google.android.gms.measurement.AppMeasurementService"
252-->[com.google.android.gms:play-services-measurement:21.2.2] AndroidManifest.xml:36:13-84
253            android:enabled="true"
253-->[com.google.android.gms:play-services-measurement:21.2.2] AndroidManifest.xml:37:13-35
254            android:exported="false" />
254-->[com.google.android.gms:play-services-measurement:21.2.2] AndroidManifest.xml:38:13-37
255        <service
255-->[com.google.android.gms:play-services-measurement:21.2.2] AndroidManifest.xml:39:9-43:72
256            android:name="com.google.android.gms.measurement.AppMeasurementJobService"
256-->[com.google.android.gms:play-services-measurement:21.2.2] AndroidManifest.xml:40:13-87
257            android:enabled="true"
257-->[com.google.android.gms:play-services-measurement:21.2.2] AndroidManifest.xml:41:13-35
258            android:exported="false"
258-->[com.google.android.gms:play-services-measurement:21.2.2] AndroidManifest.xml:42:13-37
259            android:permission="android.permission.BIND_JOB_SERVICE" />
259-->[com.google.android.gms:play-services-measurement:21.2.2] AndroidManifest.xml:43:13-69
260
261        <meta-data
261-->[com.google.android.gms:play-services-basement:18.1.0] AndroidManifest.xml:21:9-23:69
262            android:name="com.google.android.gms.version"
262-->[com.google.android.gms:play-services-basement:18.1.0] AndroidManifest.xml:22:13-58
263            android:value="@integer/google_play_services_version" />
263-->[com.google.android.gms:play-services-basement:18.1.0] AndroidManifest.xml:23:13-66
264
265        <provider
265-->[androidx.emoji2:emoji2:1.2.0] AndroidManifest.xml:24:9-32:20
266            android:name="androidx.startup.InitializationProvider"
266-->[androidx.emoji2:emoji2:1.2.0] AndroidManifest.xml:25:13-67
267            android:authorities="com.example.project_impact.androidx-startup"
267-->[androidx.emoji2:emoji2:1.2.0] AndroidManifest.xml:26:13-68
268            android:exported="false" >
268-->[androidx.emoji2:emoji2:1.2.0] AndroidManifest.xml:27:13-37
269            <meta-data
269-->[androidx.emoji2:emoji2:1.2.0] AndroidManifest.xml:29:13-31:52
270                android:name="androidx.emoji2.text.EmojiCompatInitializer"
270-->[androidx.emoji2:emoji2:1.2.0] AndroidManifest.xml:30:17-75
271                android:value="androidx.startup" />
271-->[androidx.emoji2:emoji2:1.2.0] AndroidManifest.xml:31:17-49
272            <meta-data
272-->[androidx.lifecycle:lifecycle-process:2.4.1] AndroidManifest.xml:31:13-33:52
273                android:name="androidx.lifecycle.ProcessLifecycleInitializer"
273-->[androidx.lifecycle:lifecycle-process:2.4.1] AndroidManifest.xml:32:17-78
274                android:value="androidx.startup" />
274-->[androidx.lifecycle:lifecycle-process:2.4.1] AndroidManifest.xml:33:17-49
275        </provider>
276    </application>
277
278</manifest>